<?xml version="1.0" encoding="UTF-8"?>
<!-- Generated by org.testng.reporters.JUnitReportReporter -->
<testsuite skipped="0" hostname="user-PC" name="com.qa.test.SignUpTest" tests="1" failures="0" timestamp="02 Nov 2020 16:48:23 GMT" time="17.044" errors="0">
  <testcase name="fillForm" time="17.044" classname="com.qa.test.SignUpTest"/>
</testsuite> <!-- com.qa.test.SignUpTest -->
